# JRE version: OpenJDK Runtime Environment (26.0+27) (build 26-ea+27-2778)
# Java VM: OpenJDK 64-Bit Server VM (26-ea+27-2778, mixed mode, emulated-client, sharing, tiered, compressed oops, compressed class ptrs, g1 gc, windows-amd64)
GC Precious Log:
 CardTable entry size: 512
 Card Set container configuration: InlinePtr #cards 4 size 8 Array Of Cards #cards 16 size 48 Howl #buckets 8 coarsen threshold 3686 Howl Bitmap #cards 512 size 80 coarsen threshold 460 Card regions per heap region 1 cards per card region 4096
 CPUs: 16 total, 16 available
 Memory: 16108M
 Large Page Support: Disabled
 NUMA Support: Disabled
 Compressed Oops: Enabled (Zero based)
 Heap Region Size: 2M
 Heap Min Capacity: 8M
 Heap Initial Capacity: 8M
 Heap Max Capacity: 4028M
 Pre-touch: Disabled
 Parallel Workers: 13
 Concurrent Workers: 3
 Concurrent Refinement Workers: 13
 Periodic GC: Disabled
Heap:
 garbage-first heap   total reserved 4124672K, committed 61440K, used 45685K [0x0000000704400000, 0x0000000800000000)
  region size 2M, 6 eden (12M), 1 survivor (2M), 16 old (32M), 1 humongous (2M), 6 free (12M)
GC Heap Usage History (20 events):
Event: 1.143 {heap Before GC invocations=9 (full 0):
 garbage-first heap   total reserved 4124672K, committed 55296K, used 37698K [0x0000000704400000, 0x0000000800000000)
  region size 2M, 14 eden (28M), 2 survivor (4M), 5 old (10M), 0 humongous (0M), 6 free (12M)
}
Event: 1.145 {heap After GC invocations=10 (full 0):
 garbage-first heap   total reserved 4124672K, committed 55296K, used 14290K [0x0000000704400000, 0x0000000800000000)
  region size 2M, 0 eden (0M), 2 survivor (4M), 6 old (12M), 0 humongous (0M), 19 free (38M)
}
Event: 1.299 {heap Before GC invocations=10 (full 0):
 garbage-first heap   total reserved 4124672K, committed 55296K, used 42962K [0x0000000704400000, 0x0000000800000000)
  region size 2M, 14 eden (28M), 2 survivor (4M), 6 old (12M), 0 humongous (0M), 5 free (10M)
}
Event: 1.303 {heap After GC invocations=11 (full 0):
 garbage-first heap   total reserved 4124672K, committed 55296K, used 17741K [0x0000000704400000, 0x0000000800000000)
  region size 2M, 0 eden (0M), 2 survivor (4M), 7 old (14M), 0 humongous (0M), 18 free (36M)
}
Event: 1.556 {heap Before GC invocations=11 (full 0):
 garbage-first heap   total reserved 4124672K, committed 55296K, used 44365K [0x0000000704400000, 0x0000000800000000)
  region size 2M, 13 eden (26M), 2 survivor (4M), 7 old (14M), 0 humongous (0M), 5 free (10M)
}
Event: 1.560 {heap After GC invocations=12 (full 0):
 garbage-first heap   total reserved 4124672K, committed 55296K, used 20329K [0x0000000704400000, 0x0000000800000000)
  region size 2M, 0 eden (0M), 2 survivor (4M), 9 old (18M), 0 humongous (0M), 16 free (32M)
}
Event: 1.570 {heap Before GC invocations=12 (full 0):
 garbage-first heap   total reserved 4124672K, committed 55296K, used 22377K [0x0000000704400000, 0x0000000800000000)
  region size 2M, 2 eden (4M), 2 survivor (4M), 9 old (18M), 0 humongous (0M), 14 free (28M)
}
Event: 1.573 {heap After GC invocations=13 (full 0):
 garbage-first heap   total reserved 4124672K, committed 55296K, used 20644K [0x0000000704400000, 0x0000000800000000)
  region size 2M, 0 eden (0M), 1 survivor (2M), 10 old (20M), 0 humongous (0M), 16 free (32M)
}
Event: 1.934 {heap Before GC invocations=14 (full 0):
 garbage-first heap   total reserved 4124672K, committed 55296K, used 45220K [0x0000000704400000, 0x0000000800000000)
  region size 2M, 13 eden (26M), 1 survivor (2M), 10 old (20M), 0 humongous (0M), 3 free (6M)
}
Event: 1.936 {heap After GC invocations=15 (full 0):
 garbage-first heap   total reserved 4124672K, committed 55296K, used 23315K [0x0000000704400000, 0x0000000800000000)
  region size 2M, 0 eden (0M), 2 survivor (4M), 10 old (20M), 0 humongous (0M), 15 free (30M)
}
Event: 2.263 {heap Before GC invocations=15 (full 0):
 garbage-first heap   total reserved 4124672K, committed 55296K, used 47891K [0x0000000704400000, 0x0000000800000000)
  region size 2M, 12 eden (24M), 2 survivor (4M), 10 old (20M), 0 humongous (0M), 3 free (6M)
}
Event: 2.266 {heap After GC invocations=16 (full 0):
 garbage-first heap   total reserved 4124672K, committed 57344K, used 26186K [0x0000000704400000, 0x0000000800000000)
  region size 2M, 0 eden (0M), 2 survivor (4M), 12 old (24M), 0 humongous (0M), 14 free (28M)
}
Event: 3.966 {heap Before GC invocations=16 (full 0):
 garbage-first heap   total reserved 4124672K, committed 57344K, used 50762K [0x0000000704400000, 0x0000000800000000)
  region size 2M, 11 eden (22M), 2 survivor (4M), 12 old (24M), 1 humongous (2M), 2 free (4M)
}
Event: 3.968 {heap After GC invocations=17 (full 0):
 garbage-first heap   total reserved 4124672K, committed 59392K, used 30289K [0x0000000704400000, 0x0000000800000000)
  region size 2M, 0 eden (0M), 2 survivor (4M), 13 old (26M), 1 humongous (2M), 13 free (26M)
}
Event: 4.162 {heap Before GC invocations=17 (full 0):
 garbage-first heap   total reserved 4124672K, committed 59392K, used 50769K [0x0000000704400000, 0x0000000800000000)
  region size 2M, 10 eden (20M), 2 survivor (4M), 13 old (26M), 1 humongous (2M), 3 free (6M)
}
Event: 4.163 {heap After GC invocations=18 (full 0):
 garbage-first heap   total reserved 4124672K, committed 59392K, used 32336K [0x0000000704400000, 0x0000000800000000)
  region size 2M, 0 eden (0M), 2 survivor (4M), 13 old (26M), 1 humongous (2M), 13 free (26M)
}
Event: 4.334 {heap Before GC invocations=19 (full 0):
 garbage-first heap   total reserved 4124672K, committed 59392K, used 52816K [0x0000000704400000, 0x0000000800000000)
  region size 2M, 10 eden (20M), 2 survivor (4M), 13 old (26M), 1 humongous (2M), 3 free (6M)
}
Event: 4.337 {heap After GC invocations=20 (full 0):
 garbage-first heap   total reserved 4124672K, committed 59392K, used 34323K [0x0000000704400000, 0x0000000800000000)
  region size 2M, 0 eden (0M), 2 survivor (4M), 14 old (28M), 1 humongous (2M), 12 free (24M)
}
Event: 4.944 {heap Before GC invocations=20 (full 0):
 garbage-first heap   total reserved 4124672K, committed 59392K, used 52755K [0x0000000704400000, 0x0000000800000000)
  region size 2M, 9 eden (18M), 2 survivor (4M), 14 old (28M), 1 humongous (2M), 3 free (6M)
}
Event: 4.948 {heap After GC invocations=21 (full 0):
 garbage-first heap   total reserved 4124672K, committed 61440K, used 35445K [0x0000000704400000, 0x0000000800000000)
  region size 2M, 0 eden (0M), 1 survivor (2M), 16 old (32M), 1 humongous (2M), 12 free (24M)
}

