# JRE version: OpenJDK Runtime Environment (26.0+27) (build 26-ea+27-2778)
# Java VM: OpenJDK 64-Bit Server VM (26-ea+27-2778, mixed mode, emulated-client, sharing, tiered, compressed oops, compressed class ptrs, g1 gc, windows-amd64)
GC Precious Log:
 CardTable entry size: 512
 Card Set container configuration: InlinePtr #cards 4 size 8 Array Of Cards #cards 16 size 48 Howl #buckets 8 coarsen threshold 3686 Howl Bitmap #cards 512 size 80 coarsen threshold 460 Card regions per heap region 1 cards per card region 4096
 CPUs: 16 total, 16 available
 Memory: 16108M
 Large Page Support: Disabled
 NUMA Support: Disabled
 Compressed Oops: Enabled (Zero based)
 Heap Region Size: 2M
 Heap Min Capacity: 8M
 Heap Initial Capacity: 8M
 Heap Max Capacity: 4028M
 Pre-touch: Disabled
 Parallel Workers: 13
 Concurrent Workers: 3
 Concurrent Refinement Workers: 13
 Periodic GC: Disabled
Heap:
 garbage-first heap   total reserved 4124672K, committed 110592K, used 43854K [0x0000000704400000, 0x0000000800000000)
  region size 2M, 4 eden (8M), 3 survivor (6M), 16 old (32M), 1 humongous (2M), 30 free (60M)
GC Heap Usage History (20 events):
Event: 0.803 {heap Before GC invocations=4 (full 0):
 garbage-first heap   total reserved 4124672K, committed 36864K, used 19324K [0x0000000704400000, 0x0000000800000000)
  region size 2M, 6 eden (12M), 1 survivor (2M), 3 old (6M), 0 humongous (0M), 8 free (16M)
}
Event: 0.808 {heap After GC invocations=5 (full 0):
 garbage-first heap   total reserved 4124672K, committed 36864K, used 8181K [0x0000000704400000, 0x0000000800000000)
  region size 2M, 0 eden (0M), 1 survivor (2M), 4 old (8M), 0 humongous (0M), 13 free (26M)
}
Event: 1.017 {heap Before GC invocations=5 (full 0):
 garbage-first heap   total reserved 4124672K, committed 36864K, used 18421K [0x0000000704400000, 0x0000000800000000)
  region size 2M, 6 eden (12M), 1 survivor (2M), 4 old (8M), 0 humongous (0M), 7 free (14M)
}
Event: 1.020 {heap After GC invocations=6 (full 0):
 garbage-first heap   total reserved 4124672K, committed 36864K, used 8904K [0x0000000704400000, 0x0000000800000000)
  region size 2M, 0 eden (0M), 1 survivor (2M), 4 old (8M), 0 humongous (0M), 13 free (26M)
}
Event: 1.267 {heap Before GC invocations=6 (full 0):
 garbage-first heap   total reserved 4124672K, committed 36864K, used 21192K [0x0000000704400000, 0x0000000800000000)
  region size 2M, 7 eden (14M), 1 survivor (2M), 4 old (8M), 0 humongous (0M), 6 free (12M)
}
Event: 1.273 {heap After GC invocations=7 (full 0):
 garbage-first heap   total reserved 4124672K, committed 110592K, used 10314K [0x0000000704400000, 0x0000000800000000)
  region size 2M, 0 eden (0M), 1 survivor (2M), 5 old (10M), 0 humongous (0M), 48 free (96M)
}
Event: 1.707 {heap Before GC invocations=8 (full 0):
 garbage-first heap   total reserved 4124672K, committed 110592K, used 49226K [0x0000000704400000, 0x0000000800000000)
  region size 2M, 21 eden (42M), 1 survivor (2M), 5 old (10M), 0 humongous (0M), 27 free (54M)
}
Event: 1.711 {heap After GC invocations=9 (full 0):
 garbage-first heap   total reserved 4124672K, committed 110592K, used 13854K [0x0000000704400000, 0x0000000800000000)
  region size 2M, 0 eden (0M), 3 survivor (6M), 5 old (10M), 0 humongous (0M), 46 free (92M)
}
Event: 1.725 {heap Before GC invocations=9 (full 0):
 garbage-first heap   total reserved 4124672K, committed 110592K, used 15902K [0x0000000704400000, 0x0000000800000000)
  region size 2M, 2 eden (4M), 3 survivor (6M), 5 old (10M), 0 humongous (0M), 44 free (88M)
}
Event: 1.731 {heap After GC invocations=10 (full 0):
 garbage-first heap   total reserved 4124672K, committed 110592K, used 14186K [0x0000000704400000, 0x0000000800000000)
  region size 2M, 0 eden (0M), 2 survivor (4M), 5 old (10M), 0 humongous (0M), 47 free (94M)
}
Event: 1.754 {heap Before GC invocations=10 (full 0):
 garbage-first heap   total reserved 4124672K, committed 110592K, used 16234K [0x0000000704400000, 0x0000000800000000)
  region size 2M, 2 eden (4M), 2 survivor (4M), 5 old (10M), 0 humongous (0M), 45 free (90M)
}
Event: 1.757 {heap After GC invocations=11 (full 0):
 garbage-first heap   total reserved 4124672K, committed 110592K, used 14372K [0x0000000704400000, 0x0000000800000000)
  region size 2M, 0 eden (0M), 3 survivor (6M), 5 old (10M), 0 humongous (0M), 46 free (92M)
}
Event: 2.457 {heap Before GC invocations=12 (full 0):
 garbage-first heap   total reserved 4124672K, committed 110592K, used 73764K [0x0000000704400000, 0x0000000800000000)
  region size 2M, 29 eden (58M), 3 survivor (6M), 5 old (10M), 0 humongous (0M), 17 free (34M)
}
Event: 2.465 {heap After GC invocations=13 (full 0):
 garbage-first heap   total reserved 4124672K, committed 110592K, used 19679K [0x0000000704400000, 0x0000000800000000)
  region size 2M, 0 eden (0M), 4 survivor (8M), 6 old (12M), 0 humongous (0M), 44 free (88M)
}
Event: 3.229 {heap Before GC invocations=13 (full 0):
 garbage-first heap   total reserved 4124672K, committed 110592K, used 60639K [0x0000000704400000, 0x0000000800000000)
  region size 2M, 21 eden (42M), 4 survivor (8M), 6 old (12M), 0 humongous (0M), 23 free (46M)
}
Event: 3.236 {heap After GC invocations=14 (full 0):
 garbage-first heap   total reserved 4124672K, committed 110592K, used 24199K [0x0000000704400000, 0x0000000800000000)
  region size 2M, 0 eden (0M), 3 survivor (6M), 10 old (20M), 0 humongous (0M), 41 free (82M)
}
Event: 5.561 {heap Before GC invocations=15 (full 0):
 garbage-first heap   total reserved 4124672K, committed 110592K, used 83591K [0x0000000704400000, 0x0000000800000000)
  region size 2M, 29 eden (58M), 3 survivor (6M), 10 old (20M), 1 humongous (2M), 11 free (22M)
}
Event: 5.566 {heap After GC invocations=16 (full 0):
 garbage-first heap   total reserved 4124672K, committed 110592K, used 32924K [0x0000000704400000, 0x0000000800000000)
  region size 2M, 0 eden (0M), 4 survivor (8M), 12 old (24M), 1 humongous (2M), 37 free (74M)
}
Event: 48.920 {heap Before GC invocations=16 (full 0):
 garbage-first heap   total reserved 4124672K, committed 110592K, used 88220K [0x0000000704400000, 0x0000000800000000)
  region size 2M, 27 eden (54M), 4 survivor (8M), 12 old (24M), 1 humongous (2M), 10 free (20M)
}
Event: 48.938 {heap After GC invocations=17 (full 0):
 garbage-first heap   total reserved 4124672K, committed 110592K, used 37710K [0x0000000704400000, 0x0000000800000000)
  region size 2M, 0 eden (0M), 3 survivor (6M), 16 old (32M), 1 humongous (2M), 34 free (68M)
}

